Arguments: 
  /usr/local/bin/node /home/tiko-ubuntu/ByteCode/bytecode-website/.yarn/releases/yarn-1.18.0.cjs build

PATH: 
  /usr/local/sbin:/usr/local/bin:/usr/sbin:/usr/bin:/sbin:/bin:/usr/games:/usr/local/games:/snap/bin:/usr/local/go/bin:/usr/local/go/bin

Yarn version: 
  1.18.0

Node version: 
  16.13.2

Platform: 
  linux x64

Trace: 
  SyntaxError: /home/tiko-ubuntu/ByteCode/bytecode-website/components/package.json: Unexpected token ] in JSON at position 737
      at JSON.parse (<anonymous>)
      at /home/tiko-ubuntu/ByteCode/bytecode-website/.yarn/releases/yarn-1.18.0.cjs:1098:57
      at Generator.next (<anonymous>)
      at step (/home/tiko-ubuntu/ByteCode/bytecode-website/.yarn/releases/yarn-1.18.0.cjs:310:30)
      at /home/tiko-ubuntu/ByteCode/bytecode-website/.yarn/releases/yarn-1.18.0.cjs:321:13

npm manifest: 
  {
    "name": "@bytecode/ui-library",
    "version": "0.1.0-alpha",
    "license": "SEE LICENSE IN LICENSE.md",
    "repository": {
      "type": "git",
      "url": "https://git.bytecode.nl/bytecode/components.git"
    },
    "publishConfig": {
      "access": "public"
    },
    "main": "./dist/index.js",
    "exports": {
      "./utils": "./dist/index.js",
      "./components": "./dist/components/index.js",
      "./containers": "./dist/containers/index.js",
      "./sections": "./dist/sections/index.js",
      "./home-page": "./dist/sections/HomePage/index.js",
      "./icons": "./dist/icons/index.js"
  
    },
    "typesVersions": {
      "*": {
        "utils": [
          "./dist/index.d.ts"
        ],
        "components": [
          "./dist/components/index.d.ts",
        ],
        "containers": [
          "./dist/containers/index.d.ts"
        ],
        "sections": [
          "./dist/sections/index.d.ts"
        ],
        "home-page": [
          "./dist/sections/HomePage/index.d.ts"
        ],
        "icons": [
          "./dist/icons/index.d.ts"
        ]
      }
    },
    "types": "./dist/index.d.ts",
    "files": [
      "dist",
      "docs"
    ],
    "scripts": {
      "build": "tsc",
      "dev": "tsc -watch",
      "lint": "eslint .",
      "test": "jest",
      "storybook": "start-storybook -p 6006 -s ./src",
      "build:storybook": "build-storybook -s ./src",
      "build:storybook:ci": "yarn build:storybook -o public/storybook"
    },
    "peerDependencies": {
      "lint:fix": "eslint . --fix",
      "next": "11.1.2",
      "react": "17.x",
      "react-dom": "17.x",
      "styled-components": "5.x"
    },
    "devDependencies": {
      "@babel/cli": "7.15.7",
      "@babel/core": "7.15.8",
      "@babel/plugin-transform-runtime": "7.15.8",
      "@babel/preset-env": "7.15.8",
      "@babel/preset-react": "7.14.5",
      "@storybook/addon-actions": "^6.4.14",
      "@storybook/addon-essentials": "^6.4.14",
      "@storybook/addon-links": "^6.4.14",
      "@storybook/react": "^6.4.14",
      "@testing-library/jest-dom": "5.14.1",
      "@testing-library/react": "12.1.2",
      "@types/styled-components": "5.1.15",
      "@typescript-eslint/eslint-plugin": "5.10.1",
      "@typescript-eslint/parser": "5.10.1",
      "babel-core": "7.0.0-bridge.0",
      "babel-loader": "8.2.2",
      "babel-plugin-styled-components": "1.13.3",
      "cross-env": "7.0.3",
      "eslint": "7.32.0",
      "eslint-config-prettier": "8.3.0",
      "eslint-config-react": "1.1.7",
      "eslint-config-standard": "16.0.3",
      "eslint-config-standard-jsx": "10.0.0",
      "eslint-config-standard-react": "11.0.1",
      "eslint-import-resolver-node": "0.3.6",
      "eslint-plugin-header": "3.1.1",
      "eslint-plugin-import": "2.25.2",
      "eslint-plugin-jest": "24.7.0",
      "eslint-plugin-node": "11.1.0",
      "eslint-plugin-prettier": "4.0.0",
      "eslint-plugin-promise": "5.1.0",
      "eslint-plugin-react": "7.28.0",
      "eslint-plugin-security": "1.4.0",
      "eslint-plugin-standard": "4.1.0",
      "file-loader": "6.2.0",
      "identity-obj-proxy": "3.0.0",
      "jest": "27.3.1",
      "jest-environment-jsdom": "27.3.1",
      "lint-staged": "11.2.3",
      "prettier": "2.4.1",
      "react-dom": "17.0.2",
      "react-router-dom": "5.3.0",
      "react-scripts": "4.0.3",
      "react-select-event": "5.3.0",
      "ts-loader": "9.2.6",
      "typescript": "4.4.4",
      "yup": "0.32.11"
    },
    "dependencies": {
      "hamburger-react": "2.4.1",
      "module-alias": "2.2.2",
      "styled-normalize": "8.0.7",
      "tspath": "1.3.7"
    }
  }

yarn manifest: 
  No manifest

Lockfile: 
  No lockfile
